<?xml version="1.0" encoding="UTF-8"?>
<!-- Generated by org.testng.reporters.JUnitReportReporter -->
<testsuite hostname="DESKTOP-DDFM2CK" failures="0" tests="1" name="com.maroti.guru99.RegisterSuccessTest" time="0.000" errors="0" timestamp="2023-07-05T19:27:55 IST" skipped="1">
  <testcase classname="com.maroti.guru99.RegisterSuccessTest" name="registerSuccess" time="0.000">
    <skipped/>
  </testcase> <!-- registerSuccess -->
</testsuite> <!-- com.maroti.guru99.RegisterSuccessTest -->
