<?xml version="1.0" encoding="UTF-8"?>
<!-- Generated by org.testng.reporters.JUnitReportReporter -->
<testsuite hostname="DESKTOP-DDFM2CK" failures="0" tests="8" name="com.maroti.saucedemo.services.SaucedemoTest" time="0.001" errors="0" timestamp="2023-07-05T19:27:55 IST" skipped="8">
  <testcase classname="com.maroti.saucedemo.services.SaucedemoTest" name="testAddItemToCart" time="0.000">
    <skipped/>
  </testcase> <!-- testAddItemToCart -->
  <testcase classname="com.maroti.saucedemo.services.SaucedemoTest" name="testFinish" time="0.000">
    <skipped/>
  </testcase> <!-- testFinish -->
  <testcase classname="com.maroti.saucedemo.services.SaucedemoTest" name="verifyTitle" time="0.000">
    <skipped/>
  </testcase> <!-- verifyTitle -->
  <testcase classname="com.maroti.saucedemo.services.SaucedemoTest" name="testCheckOut" time="0.000">
    <skipped/>
  </testcase> <!-- testCheckOut -->
  <testcase classname="com.maroti.saucedemo.services.SaucedemoTest" name="testDeliver" time="0.000">
    <skipped/>
  </testcase> <!-- testDeliver -->
  <testcase classname="com.maroti.saucedemo.services.SaucedemoTest" name="captureHomePageUrl" time="0.000">
    <skipped/>
  </testcase> <!-- captureHomePageUrl -->
  <testcase classname="com.maroti.saucedemo.services.SaucedemoTest" name="captureHomePageTitle" time="0.001">
    <skipped/>
  </testcase> <!-- captureHomePageTitle -->
  <testcase classname="com.maroti.saucedemo.services.SaucedemoTest" name="testLogin" time="0.000">
    <skipped/>
  </testcase> <!-- testLogin -->
</testsuite> <!-- com.maroti.saucedemo.services.SaucedemoTest -->
