<?xml version="1.0" encoding="UTF-8"?>
<!-- Generated by org.testng.reporters.JUnitReportReporter -->
<testsuite hostname="DESKTOP-DDFM2CK" failures="0" tests="3" name="com.maroti.guru99.LoginTest" time="0.001" errors="0" timestamp="2023-07-05T19:27:55 IST" skipped="3">
  <testcase classname="com.maroti.guru99.LoginTest" name="userInfoTest" time="0.000">
    <skipped/>
  </testcase> <!-- userInfoTest -->
  <testcase classname="com.maroti.guru99.LoginTest" name="clickLoginLink" time="0.001">
    <skipped/>
  </testcase> <!-- clickLoginLink -->
  <testcase classname="com.maroti.guru99.LoginTest" name="login" time="0.000">
    <skipped/>
  </testcase> <!-- login -->
</testsuite> <!-- com.maroti.guru99.LoginTest -->
